<?xml version="1.0" encoding="UTF-8"?>
<!-- Generated by org.testng.reporters.JUnitReportReporter -->
<testsuite skipped="0" hostname="DESKTOP-RRNGNT9" name="Cars" tests="1" failures="0" timestamp="30 Sep 2018 20:32:45 GMT" time="41.151" errors="0">
  <testcase name="titleOfSearchPageByZipCode" time="41.151" classname="Cars"/>
</testsuite> <!-- Cars -->
